<html>
<head>
<title>TestNG:  Chrome Test</title>
<link href="../testng.css" rel="stylesheet" type="text/css" />
<link href="../my-testng.css" rel="stylesheet" type="text/css" />

<style type="text/css">
.log { display: none;} 
.stack-trace { display: none;} 
</style>
<script type="text/javascript">
<!--
function flip(e) {
  current = e.style.display;
  if (current == 'block') {
    e.style.display = 'none';
    return 0;
  }
  else {
    e.style.display = 'block';
    return 1;
  }
}

function toggleBox(szDivId, elem, msg1, msg2)
{
  var res = -1;  if (document.getElementById) {
    res = flip(document.getElementById(szDivId));
  }
  else if (document.all) {
    // this is the way old msie versions work
    res = flip(document.all[szDivId]);
  }
  if(elem) {
    if(res == 0) elem.innerHTML = msg1; else elem.innerHTML = msg2;
  }

}

function toggleAllBoxes() {
  if (document.getElementsByTagName) {
    d = document.getElementsByTagName('div');
    for (i = 0; i < d.length; i++) {
      if (d[i].className == 'log') {
        flip(d[i]);
      }
    }
  }
}

// -->
</script>

</head>
<body>
<h2 align='center'>Chrome Test</h2><table border='1' align="center">
<tr>
<td>Tests passed/Failed/Skipped:</td><td>13/1/0</td>
</tr><tr>
<td>Started on:</td><td>Wed Jul 10 23:16:27 IST 2024</td>
</tr>
<tr><td>Total time:</td><td>390 seconds (390853 ms)</td>
</tr><tr>
<td>Included groups:</td><td></td>
</tr><tr>
<td>Excluded groups:</td><td></td>
</tr>
</table><p/>
<small><i>(Hover the method name to see the test class name)</i></small><p/>
<table width='100%' border='1' class='invocation-failed'>
<tr><td colspan='4' align='center'><b>FAILED TESTS</b></td></tr>
<tr><td><b>Test method</b></td>
<td><b>Attribute(s)</b></td>
<td width="30%"><b>Exception</b></td>
<td width="10%"><b>Time (seconds)</b></td>
<td><b>Instance</b></td>
</tr>
<tr>
<td title='TestCases_Spicejet.RoundTripTest.Round_TripTest_with_MissingCredentials()'><b>Round_TripTest_with_MissingCredentials</b><br>Test class: TestCases_Spicejet.RoundTripTest<br/>
<a href="#Output-132644461" onClick='toggleBox("Output-132644461", this, "Show output", "Hide output");'>Show output</a>

<a href="#Output-132644461" onClick="toggleAllBoxes();">Show all outputs</a>
<div class='log' id="Output-132644461">
<img src= D:\Intelli workspace\SpiceJet_Flight_BookingSystem\src\test\Screenshots\Round_TripTest_with_MissingCredentials.png width = 200px height=200px /><br/>
</div>
</td>
<td><div><pre>org.openqa.selenium.NoSuchElementException: no such element: Unable to locate element: {&quot;method&quot;:&quot;xpath&quot;,&quot;selector&quot;:&quot;//div[text()=&apos;one way&apos;]&quot;}
  (Session info: chrome=126.0.6478.127)
For documentation on this error, please visit: https://www.selenium.dev/documentation/webdriver/troubleshooting/errors#no-such-element-exception
Build info: version: &apos;4.21.0&apos;, revision: &apos;79ed462ef4&apos;
System info: os.name: &apos;Windows 11&apos;, os.arch: &apos;amd64&apos;, os.version: &apos;10.0&apos;, java.version: &apos;21.0.3&apos;
Driver info: org.openqa.selenium.chrome.ChromeDriver
Command: [f57787e63b5af2124674ded30fcfebf3, findElement {value=//div[text()=&apos;one way&apos;], using=xpath}]
Capabilities {acceptInsecureCerts: false, browserName: chrome, browserVersion: 126.0.6478.127, chrome: {chromedriverVersion: 126.0.6478.126 (d36ace6122e..., userDataDir: C:\Users\divi3\AppData\Loca...}, fedcm:accounts: true, goog:chromeOptions: {debuggerAddress: localhost:63406}, networkConnectionEnabled: false, pageLoadStrategy: normal, platformName: windows, proxy: Proxy(), se:cdp: ws://localhost:63406/devtoo..., se:cdpVersion: 126.0.6478.127, setWindowRect: true, strictFileInteractability: false, timeouts: {implicit: 0, pageLoad: 300000, script: 30000}, unhandledPromptBehavior: dismiss and notify, webauthn:extension:credBlob: true, webauthn:extension:largeBlob: true, webauthn:extension:minPinLength: true, webauthn:extension:prf: true, webauthn:virtualAuthenticators: true}
Session ID: f57787e63b5af2124674ded30fcfebf3
	at org.openqa.selenium.remote.ErrorCodec.decode(ErrorCodec.java:167)
	at org.openqa.selenium.remote.codec.w3c.W3CHttpResponseCodec.decode(W3CHttpResponseCodec.java:138)
	at org.openqa.selenium.remote.codec.w3c.W3CHttpResponseCodec.decode(W3CHttpResponseCodec.java:50)
	at org.openqa.selenium.remote.HttpCommandExecutor.execute(HttpCommandExecutor.java:190)
	at org.openqa.selenium.remote.service.DriverCommandExecutor.invokeExecute(DriverCommandExecutor.java:216)
	at org.openqa.selenium.remote.service.DriverCommandExecutor.execute(DriverCommandExecutor.java:174)
	at org.openqa.selenium.remote.RemoteWebDriver.execute(RemoteWebDriver.java:518)
	at org.openqa.selenium.remote.ElementLocation$ElementFinder$2.findElement(ElementLocation.java:165)
	at org.openqa.selenium.remote.ElementLocation.findElement(ElementLocation.java:59)
	at org.openqa.selenium.remote.RemoteWebDriver.findElement(RemoteWebDriver.java:355)
	at org.openqa.selenium.remote.RemoteWebDriver.findElement(RemoteWebDriver.java:349)
	at org.openqa.selenium.support.pagefactory.DefaultElementLocator.findElement(DefaultElementLocator.java:68)
	at org.openqa.selenium.support.pagefactory.internal.LocatingElementHandler.invoke(LocatingElementHandler.java:38)
	at jdk.proxy2/jdk.proxy2.$Proxy15.click(Unknown Source)
	at Pages_Spicejet.Trip_SearchPage.setRoundTrip(Trip_SearchPage.java:87)
	at TestCases_Spicejet.RoundTripTest.Round_TripTest_with_MissingCredentials(RoundTripTest.java:27)
	at java.base/java.util.ArrayList.forEach(ArrayList.java:1596)
	at com.intellij.rt.testng.IDEARemoteTestNG.run(IDEARemoteTestNG.java:65)
	at com.intellij.rt.testng.RemoteTestNGStarter.main(RemoteTestNGStarter.java:105)
... Removed 25 stack frames</pre></div><a href='#' onClick='toggleBox("stack-trace132644461", this, "Click to show all stack frames", "Click to hide stack frames")'>Click to show all stack frames</a>
<div class='stack-trace' id='stack-trace132644461'><pre>org.openqa.selenium.NoSuchElementException: no such element: Unable to locate element: {&quot;method&quot;:&quot;xpath&quot;,&quot;selector&quot;:&quot;//div[text()=&apos;one way&apos;]&quot;}
  (Session info: chrome=126.0.6478.127)
For documentation on this error, please visit: https://www.selenium.dev/documentation/webdriver/troubleshooting/errors#no-such-element-exception
Build info: version: &apos;4.21.0&apos;, revision: &apos;79ed462ef4&apos;
System info: os.name: &apos;Windows 11&apos;, os.arch: &apos;amd64&apos;, os.version: &apos;10.0&apos;, java.version: &apos;21.0.3&apos;
Driver info: org.openqa.selenium.chrome.ChromeDriver
Command: [f57787e63b5af2124674ded30fcfebf3, findElement {value=//div[text()=&apos;one way&apos;], using=xpath}]
Capabilities {acceptInsecureCerts: false, browserName: chrome, browserVersion: 126.0.6478.127, chrome: {chromedriverVersion: 126.0.6478.126 (d36ace6122e..., userDataDir: C:\Users\divi3\AppData\Loca...}, fedcm:accounts: true, goog:chromeOptions: {debuggerAddress: localhost:63406}, networkConnectionEnabled: false, pageLoadStrategy: normal, platformName: windows, proxy: Proxy(), se:cdp: ws://localhost:63406/devtoo..., se:cdpVersion: 126.0.6478.127, setWindowRect: true, strictFileInteractability: false, timeouts: {implicit: 0, pageLoad: 300000, script: 30000}, unhandledPromptBehavior: dismiss and notify, webauthn:extension:credBlob: true, webauthn:extension:largeBlob: true, webauthn:extension:minPinLength: true, webauthn:extension:prf: true, webauthn:virtualAuthenticators: true}
Session ID: f57787e63b5af2124674ded30fcfebf3
	at java.base/jdk.internal.reflect.DirectConstructorHandleAccessor.newInstance(DirectConstructorHandleAccessor.java:62)
	at java.base/java.lang.reflect.Constructor.newInstanceWithCaller(Constructor.java:502)
	at java.base/java.lang.reflect.Constructor.newInstance(Constructor.java:486)
	at org.openqa.selenium.remote.ErrorCodec.decode(ErrorCodec.java:167)
	at org.openqa.selenium.remote.codec.w3c.W3CHttpResponseCodec.decode(W3CHttpResponseCodec.java:138)
	at org.openqa.selenium.remote.codec.w3c.W3CHttpResponseCodec.decode(W3CHttpResponseCodec.java:50)
	at org.openqa.selenium.remote.HttpCommandExecutor.execute(HttpCommandExecutor.java:190)
	at org.openqa.selenium.remote.service.DriverCommandExecutor.invokeExecute(DriverCommandExecutor.java:216)
	at org.openqa.selenium.remote.service.DriverCommandExecutor.execute(DriverCommandExecutor.java:174)
	at org.openqa.selenium.remote.RemoteWebDriver.execute(RemoteWebDriver.java:518)
	at org.openqa.selenium.remote.ElementLocation$ElementFinder$2.findElement(ElementLocation.java:165)
	at org.openqa.selenium.remote.ElementLocation.findElement(ElementLocation.java:59)
	at org.openqa.selenium.remote.RemoteWebDriver.findElement(RemoteWebDriver.java:355)
	at org.openqa.selenium.remote.RemoteWebDriver.findElement(RemoteWebDriver.java:349)
	at org.openqa.selenium.support.pagefactory.DefaultElementLocator.findElement(DefaultElementLocator.java:68)
	at org.openqa.selenium.support.pagefactory.internal.LocatingElementHandler.invoke(LocatingElementHandler.java:38)
	at jdk.proxy2/jdk.proxy2.$Proxy15.click(Unknown Source)
	at Pages_Spicejet.Trip_SearchPage.setRoundTrip(Trip_SearchPage.java:87)
	at TestCases_Spicejet.RoundTripTest.Round_TripTest_with_MissingCredentials(RoundTripTest.java:27)
	at java.base/jdk.internal.reflect.DirectMethodHandleAccessor.invoke(DirectMethodHandleAccessor.java:103)
	at java.base/java.lang.reflect.Method.invoke(Method.java:580)
	at org.testng.internal.invokers.MethodInvocationHelper.invokeMethod(MethodInvocationHelper.java:141)
	at org.testng.internal.invokers.TestInvoker.invokeMethod(TestInvoker.java:686)
	at org.testng.internal.invokers.TestInvoker.invokeTestMethod(TestInvoker.java:230)
	at org.testng.internal.invokers.MethodRunner.runInSequence(MethodRunner.java:63)
	at org.testng.internal.invokers.TestInvoker$MethodInvocationAgent.invoke(TestInvoker.java:992)
	at org.testng.internal.invokers.TestInvoker.invokeTestMethods(TestInvoker.java:203)
	at org.testng.internal.invokers.TestMethodWorker.invokeTestMethods(TestMethodWorker.java:154)
	at org.testng.internal.invokers.TestMethodWorker.run(TestMethodWorker.java:134)
	at java.base/java.util.ArrayList.forEach(ArrayList.java:1596)
	at org.testng.TestRunner.privateRun(TestRunner.java:739)
	at org.testng.TestRunner.run(TestRunner.java:614)
	at org.testng.SuiteRunner.runTest(SuiteRunner.java:421)
	at org.testng.SuiteRunner.runSequentially(SuiteRunner.java:413)
	at org.testng.SuiteRunner.privateRun(SuiteRunner.java:373)
	at org.testng.SuiteRunner.run(SuiteRunner.java:312)
	at org.testng.SuiteRunnerWorker.runSuite(SuiteRunnerWorker.java:52)
	at org.testng.SuiteRunnerWorker.run(SuiteRunnerWorker.java:95)
	at org.testng.TestNG.runSuitesSequentially(TestNG.java:1274)
	at org.testng.TestNG.runSuitesLocally(TestNG.java:1208)
	at org.testng.TestNG.runSuites(TestNG.java:1112)
	at org.testng.TestNG.run(TestNG.java:1079)
	at com.intellij.rt.testng.IDEARemoteTestNG.run(IDEARemoteTestNG.java:65)
	at com.intellij.rt.testng.RemoteTestNGStarter.main(RemoteTestNGStarter.java:105)
</pre></div></td>
<td>10</td>
<td>TestCases_Spicejet.RoundTripTest@6e2829c7</td></tr>
</table><p>
<table width='100%' border='1' class='invocation-passed'>
<tr><td colspan='4' align='center'><b>PASSED TESTS</b></td></tr>
<tr><td><b>Test method</b></td>
<td><b>Attribute(s)</b></td>
<td width="30%"><b>Exception</b></td>
<td width="10%"><b>Time (seconds)</b></td>
<td><b>Instance</b></td>
</tr>
<tr>
<td title='TestCases_Spicejet.OneWayTripTest.Oneway_TripTest()'><b>Oneway_TripTest</b><br>Test class: TestCases_Spicejet.OneWayTripTest<br/>
<a href="#Output-1864007931" onClick='toggleBox("Output-1864007931", this, "Show output", "Hide output");'>Show output</a>

<a href="#Output-1864007931" onClick="toggleAllBoxes();">Show all outputs</a>
<div class='log' id="Output-1864007931">
<img src= D:\Intelli workspace\SpiceJet_Flight_BookingSystem\src\test\Screenshots\Oneway_TripTest.png width = 200px height=200px /><br/>
</div>
</td>
<td></td>
<td>55</td>
<td>TestCases_Spicejet.OneWayTripTest@14fc5f04</td></tr>
<tr>
<td title='TestCases_Spicejet.OneWayTripTest.Oneway_TripTest_with_missing_Credential()'><b>Oneway_TripTest_with_missing_Credential</b><br>Test class: TestCases_Spicejet.OneWayTripTest<br/>
<a href="#Output-243596165" onClick='toggleBox("Output-243596165", this, "Show output", "Hide output");'>Show output</a>

<a href="#Output-243596165" onClick="toggleAllBoxes();">Show all outputs</a>
<div class='log' id="Output-243596165">
<img src= D:\Intelli workspace\SpiceJet_Flight_BookingSystem\src\test\Screenshots\Oneway_TripTest_with_missing_Credential.png width = 200px height=200px /><br/>
</div>
</td>
<td></td>
<td>36</td>
<td>TestCases_Spicejet.OneWayTripTest@14fc5f04</td></tr>
<tr>
<td title='TestCases_Spicejet.LoginTest.LoginTest_via_InvalidMobileNum()'><b>LoginTest_via_InvalidMobileNum</b><br>Test class: TestCases_Spicejet.LoginTest<br/>
<a href="#Output-1035357140" onClick='toggleBox("Output-1035357140", this, "Show output", "Hide output");'>Show output</a>

<a href="#Output-1035357140" onClick="toggleAllBoxes();">Show all outputs</a>
<div class='log' id="Output-1035357140">
<img src= D:\Intelli workspace\SpiceJet_Flight_BookingSystem\src\test\Screenshots\LoginTest_via_InvalidMobileNum.png width = 200px height=200px /><br/>
</div>
</td>
<td></td>
<td>7</td>
<td>TestCases_Spicejet.LoginTest@33ecda92</td></tr>
<tr>
<td title='TestCases_Spicejet.LoginTest.LoginTest_via_MobileNum()'><b>LoginTest_via_MobileNum</b><br>Test class: TestCases_Spicejet.LoginTest<br/>
<a href="#Output-660915526" onClick='toggleBox("Output-660915526", this, "Show output", "Hide output");'>Show output</a>

<a href="#Output-660915526" onClick="toggleAllBoxes();">Show all outputs</a>
<div class='log' id="Output-660915526">
<img src= D:\Intelli workspace\SpiceJet_Flight_BookingSystem\src\test\Screenshots\LoginTest_via_MobileNum.png width = 200px height=200px /><br/>
</div>
</td>
<td></td>
<td>4</td>
<td>TestCases_Spicejet.LoginTest@33ecda92</td></tr>
<tr>
<td title='TestCases_Spicejet.SignupTest.SignupForm_with_invalid_credentials()'><b>SignupForm_with_invalid_credentials</b><br>Test class: TestCases_Spicejet.SignupTest<br/>
<a href="#Output-1701436909" onClick='toggleBox("Output-1701436909", this, "Show output", "Hide output");'>Show output</a>

<a href="#Output-1701436909" onClick="toggleAllBoxes();">Show all outputs</a>
<div class='log' id="Output-1701436909">
<img src= D:\Intelli workspace\SpiceJet_Flight_BookingSystem\src\test\Screenshots\SignupForm_with_invalid_credentials.png width = 200px height=200px /><br/>
</div>
</td>
<td></td>
<td>18</td>
<td>TestCases_Spicejet.SignupTest@4b8d604b</td></tr>
<tr>
<td title='TestCases_Spicejet.SignupTest.SignupForm()'><b>SignupForm</b><br>Test class: TestCases_Spicejet.SignupTest<br/>
<a href="#Output-347808407" onClick='toggleBox("Output-347808407", this, "Show output", "Hide output");'>Show output</a>

<a href="#Output-347808407" onClick="toggleAllBoxes();">Show all outputs</a>
<div class='log' id="Output-347808407">
<img src= D:\Intelli workspace\SpiceJet_Flight_BookingSystem\src\test\Screenshots\SignupForm.png width = 200px height=200px /><br/>
</div>
</td>
<td></td>
<td>57</td>
<td>TestCases_Spicejet.SignupTest@4b8d604b</td></tr>
<tr>
<td title='TestCases_Spicejet.BookingFlight.PaymentProcess()'><b>PaymentProcess</b><br>Test class: TestCases_Spicejet.BookingFlight<br/>
<a href="#Output-1005344801" onClick='toggleBox("Output-1005344801", this, "Show output", "Hide output");'>Show output</a>

<a href="#Output-1005344801" onClick="toggleAllBoxes();">Show all outputs</a>
<div class='log' id="Output-1005344801">
<img src= D:\Intelli workspace\SpiceJet_Flight_BookingSystem\src\test\Screenshots\PaymentProcess.png width = 200px height=200px /><br/>
</div>
</td>
<td></td>
<td>20</td>
<td>TestCases_Spicejet.BookingFlight@3feb2dda</td></tr>
<tr>
<td title='TestCases_Spicejet.LoginTest.LoginTest_via_email()'><b>LoginTest_via_email</b><br>Test class: TestCases_Spicejet.LoginTest<br/>
<a href="#Output-1886301021" onClick='toggleBox("Output-1886301021", this, "Show output", "Hide output");'>Show output</a>

<a href="#Output-1886301021" onClick="toggleAllBoxes();">Show all outputs</a>
<div class='log' id="Output-1886301021">
<img src= D:\Intelli workspace\SpiceJet_Flight_BookingSystem\src\test\Screenshots\LoginTest_via_email.png width = 200px height=200px /><br/>
</div>
</td>
<td></td>
<td>6</td>
<td>TestCases_Spicejet.LoginTest@33ecda92</td></tr>
<tr>
<td title='TestCases_Spicejet.LoginTest.LoginTest_with_empty_crendentials()'><b>LoginTest_with_empty_crendentials</b><br>Test class: TestCases_Spicejet.LoginTest<br/>
<a href="#Output-346847161" onClick='toggleBox("Output-346847161", this, "Show output", "Hide output");'>Show output</a>

<a href="#Output-346847161" onClick="toggleAllBoxes();">Show all outputs</a>
<div class='log' id="Output-346847161">
<img src= D:\Intelli workspace\SpiceJet_Flight_BookingSystem\src\test\Screenshots\LoginTest_with_empty_crendentials.png width = 200px height=200px /><br/>
</div>
</td>
<td></td>
<td>6</td>
<td>TestCases_Spicejet.LoginTest@33ecda92</td></tr>
<tr>
<td title='TestCases_Spicejet.RoundTripTest.Round_TripTest()'><b>Round_TripTest</b><br>Test class: TestCases_Spicejet.RoundTripTest<br/>
<a href="#Output-1937575946" onClick='toggleBox("Output-1937575946", this, "Show output", "Hide output");'>Show output</a>

<a href="#Output-1937575946" onClick="toggleAllBoxes();">Show all outputs</a>
<div class='log' id="Output-1937575946">
<img src= D:\Intelli workspace\SpiceJet_Flight_BookingSystem\src\test\Screenshots\Round_TripTest.png width = 200px height=200px /><br/>
</div>
</td>
<td></td>
<td>73</td>
<td>TestCases_Spicejet.RoundTripTest@6e2829c7</td></tr>
<tr>
<td title='TestCases_Spicejet.LoginTest.LoginTest_via_MobileNum_with_Empty_Credentials()'><b>LoginTest_via_MobileNum_with_Empty_Credentials</b><br>Test class: TestCases_Spicejet.LoginTest<br/>
<a href="#Output-368727462" onClick='toggleBox("Output-368727462", this, "Show output", "Hide output");'>Show output</a>

<a href="#Output-368727462" onClick="toggleAllBoxes();">Show all outputs</a>
<div class='log' id="Output-368727462">
<img src= D:\Intelli workspace\SpiceJet_Flight_BookingSystem\src\test\Screenshots\LoginTest_via_MobileNum_with_Empty_Credentials.png width = 200px height=200px /><br/>
</div>
</td>
<td></td>
<td>6</td>
<td>TestCases_Spicejet.LoginTest@33ecda92</td></tr>
<tr>
<td title='TestCases_Spicejet.SignupTest.SignupForm_with_nullValues()'><b>SignupForm_with_nullValues</b><br>Test class: TestCases_Spicejet.SignupTest<br/>
<a href="#Output-409596180" onClick='toggleBox("Output-409596180", this, "Show output", "Hide output");'>Show output</a>

<a href="#Output-409596180" onClick="toggleAllBoxes();">Show all outputs</a>
<div class='log' id="Output-409596180">
<img src= D:\Intelli workspace\SpiceJet_Flight_BookingSystem\src\test\Screenshots\SignupForm_with_nullValues.png width = 200px height=200px /><br/>
</div>
</td>
<td></td>
<td>17</td>
<td>TestCases_Spicejet.SignupTest@4b8d604b</td></tr>
<tr>
<td title='TestCases_Spicejet.LoginTest.LoginTest_ivalid_crendentials()'><b>LoginTest_ivalid_crendentials</b><br>Test class: TestCases_Spicejet.LoginTest<br/>
<a href="#Output-409778321" onClick='toggleBox("Output-409778321", this, "Show output", "Hide output");'>Show output</a>

<a href="#Output-409778321" onClick="toggleAllBoxes();">Show all outputs</a>
<div class='log' id="Output-409778321">
<img src= D:\Intelli workspace\SpiceJet_Flight_BookingSystem\src\test\Screenshots\LoginTest_ivalid_crendentials.png width = 200px height=200px /><br/>
</div>
</td>
<td></td>
<td>6</td>
<td>TestCases_Spicejet.LoginTest@33ecda92</td></tr>
</table><p>
</body>
</html>